[debug] [2025-12-15T19:38:22.982Z] ----------------------------------------------------------------------
[debug] [2025-12-15T19:38:22.985Z] Command:       C:\Program Files\nodejs\node.exe C:\Users\leyno\AppData\Roaming\npm\node_modules\firebase-tools\lib\bin\firebase.js deploy --only hosting --debug
[debug] [2025-12-15T19:38:22.985Z] CLI Version:   14.26.0
[debug] [2025-12-15T19:38:22.986Z] Platform:      win32
[debug] [2025-12-15T19:38:22.986Z] Node Version:  v20.15.0
[debug] [2025-12-15T19:38:22.986Z] Time:          Mon Dec 15 2025 21:38:22 GMT+0200 (Israel Standard Time)
[debug] [2025-12-15T19:38:22.986Z] ----------------------------------------------------------------------
[debug] 
[debug] [2025-12-15T19:38:23.191Z] > command requires scopes: ["email","openid","https://www.googleapis.com/auth/cloudplatformprojects.readonly","https://www.googleapis.com/auth/firebase","https://www.googleapis.com/auth/cloud-platform"]
[debug] [2025-12-15T19:38:23.193Z] > authorizing via signed-in user (leynovellst@gmail.com)
[debug] [2025-12-15T19:38:23.193Z] [iam] checking project israelcoliving for permissions ["firebase.projects.get","firebasehosting.sites.update"]
[debug] [2025-12-15T19:38:23.194Z] Checked if tokens are valid: true, expires at: 1765830857567
[debug] [2025-12-15T19:38:23.195Z] Checked if tokens are valid: true, expires at: 1765830857567
[debug] [2025-12-15T19:38:23.196Z] >>> [apiv2][query] POST https://cloudresourcemanager.googleapis.com/v1/projects/israelcoliving:testIamPermissions [none]
[debug] [2025-12-15T19:38:23.196Z] >>> [apiv2][(partial)header] POST https://cloudresourcemanager.googleapis.com/v1/projects/israelcoliving:testIamPermissions x-goog-quota-user=projects/israelcoliving
[debug] [2025-12-15T19:38:23.196Z] >>> [apiv2][body] POST https://cloudresourcemanager.googleapis.com/v1/projects/israelcoliving:testIamPermissions {"permissions":["firebase.projects.get","firebasehosting.sites.update"]}
[debug] [2025-12-15T19:38:24.193Z] <<< [apiv2][status] POST https://cloudresourcemanager.googleapis.com/v1/projects/israelcoliving:testIamPermissions 200
[debug] [2025-12-15T19:38:24.194Z] <<< [apiv2][body] POST https://cloudresourcemanager.googleapis.com/v1/projects/israelcoliving:testIamPermissions {"permissions":["firebase.projects.get","firebasehosting.sites.update"]}
[debug] [2025-12-15T19:38:24.195Z] Checked if tokens are valid: true, expires at: 1765830857567
[debug] [2025-12-15T19:38:24.195Z] Checked if tokens are valid: true, expires at: 1765830857567
[debug] [2025-12-15T19:38:24.196Z] >>> [apiv2][query] GET https://firebase.googleapis.com/v1beta1/projects/israelcoliving [none]
[debug] [2025-12-15T19:38:24.633Z] <<< [apiv2][status] GET https://firebase.googleapis.com/v1beta1/projects/israelcoliving 200
[debug] [2025-12-15T19:38:24.633Z] <<< [apiv2][body] GET https://firebase.googleapis.com/v1beta1/projects/israelcoliving {"projectId":"israelcoliving","projectNumber":"159508805874","displayName":"israelcoliving","name":"projects/israelcoliving","resources":{"hostingSite":"israelcoliving"},"state":"ACTIVE","etag":"1_1eca8d01-f63d-47a2-b76d-4bb8b12cfc79"}
[info] 
[info] === Deploying to 'israelcoliving'...
[info] 
[info] i  deploying hosting 
[debug] [2025-12-15T19:38:24.639Z] Checked if tokens are valid: true, expires at: 1765830857567
[debug] [2025-12-15T19:38:24.640Z] Checked if tokens are valid: true, expires at: 1765830857567
[debug] [2025-12-15T19:38:24.640Z] >>> [apiv2][query] POST https://firebasehosting.googleapis.com/v1beta1/projects/-/sites/israelcoliving/versions [none]
[debug] [2025-12-15T19:38:24.641Z] >>> [apiv2][body] POST https://firebasehosting.googleapis.com/v1beta1/projects/-/sites/israelcoliving/versions {"status":"CREATED","labels":{"deployment-tool":"cli-firebase"}}
[debug] [2025-12-15T19:38:25.895Z] <<< [apiv2][status] POST https://firebasehosting.googleapis.com/v1beta1/projects/-/sites/israelcoliving/versions 200
[debug] [2025-12-15T19:38:25.896Z] <<< [apiv2][body] POST https://firebasehosting.googleapis.com/v1beta1/projects/-/sites/israelcoliving/versions {"name":"projects/159508805874/sites/israelcoliving/versions/d04dad6554bcaa7f","status":"CREATED","config":{},"labels":{"deployment-tool":"cli-firebase"}}
[info] i  hosting[israelcoliving]: beginning deploy... 
[info] i  hosting[israelcoliving]: found 7 files in dist/coliving-israel/browser 
[debug] [2025-12-15T19:38:25.908Z] [hosting] uploading with 200 concurrency
[debug] [2025-12-15T19:38:25.912Z] Checked if tokens are valid: true, expires at: 1765830857567
[debug] [2025-12-15T19:38:25.912Z] Checked if tokens are valid: true, expires at: 1765830857567
[debug] [2025-12-15T19:38:25.914Z] [hosting] hash cache [ZGlzdFxjb2xpdmluZy1pc3JhZWxcYnJvd3Nlcg] stored for 7 files
[debug] [2025-12-15T19:38:25.915Z] [hosting][hash queue][FINAL] {"max":1,"min":1,"avg":1,"active":0,"complete":7,"success":7,"errored":0,"retried":0,"total":7,"elapsed":4}
[debug] [2025-12-15T19:38:25.915Z] >>> [apiv2][query] POST https://firebasehosting.googleapis.com/v1beta1/projects/159508805874/sites/israelcoliving/versions/d04dad6554bcaa7f:populateFiles [none]
[debug] [2025-12-15T19:38:25.916Z] >>> [apiv2][body] POST https://firebasehosting.googleapis.com/v1beta1/projects/159508805874/sites/israelcoliving/versions/d04dad6554bcaa7f:populateFiles {"files":{"/styles-KZB5ES2W.css":"4f554feeca5a7fef7e134fa0b62a6e258a48d525a9246e0a7132bf2fd4584c27","/polyfills-FFHMD2TL.js":"736494ba509ebe13a13ff57f0d4921ecfd9eb2ac4e8efe5d5fc1704b4b1d9b35","/main-LKCMCFS7.js":"1dd44e7bd9aa177f755142b3dd50d773bc59c182a558b6bf536a90ef2bc75110","/index.html":"fee386292c8ba3766bd663d015fb155960b211faa3843f9821a30761c2841031","/chunk-Y7ZA65EH.js":"f2b9cbcdb7c89bdb18a62df4c2fdbb24548c4b0a3490517931cb0118c4163ba7","/chunk-5N7VLLRD.js":"dbcbac108e9a3e73504fd864cfb21906c6f707e7fba243dbed9b5735c0fec958","/media/building-O7AFN24K.png":"760ef14fc65c033a9fa47cb00b5b90fd1645e75b259ccf5703469119ad4c9245"}}
[debug] [2025-12-15T19:38:26.168Z] <<< [apiv2][status] POST https://firebasehosting.googleapis.com/v1beta1/projects/159508805874/sites/israelcoliving/versions/d04dad6554bcaa7f:populateFiles 200
[debug] [2025-12-15T19:38:26.168Z] <<< [apiv2][body] POST https://firebasehosting.googleapis.com/v1beta1/projects/159508805874/sites/israelcoliving/versions/d04dad6554bcaa7f:populateFiles {"uploadUrl":"https://upload-firebasehosting.googleapis.com/upload/sites/israelcoliving/versions/d04dad6554bcaa7f/files"}
[debug] [2025-12-15T19:38:26.168Z] [hosting][populate queue][FINAL] {"max":256,"min":256,"avg":256,"active":0,"complete":1,"success":1,"errored":0,"retried":0,"total":1,"elapsed":256}
[debug] [2025-12-15T19:38:26.169Z] [hosting] uploads queued: 0
[debug] [2025-12-15T19:38:26.169Z] [hosting][upload queue][FINAL] {"max":0,"min":9999999999,"avg":0,"active":0,"complete":0,"success":0,"errored":0,"retried":0,"total":0,"elapsed":1765827506169}
[info] i  hosting: upload complete 
[info] +  hosting[israelcoliving]: file upload complete 
[debug] [2025-12-15T19:38:26.170Z] [hosting] deploy completed after 272ms
[debug] [2025-12-15T19:38:26.171Z] [
  {
    "config": {
      "public": "dist/coliving-israel/browser",
      "ignore": [
        "firebase.json",
        "**/.*",
        "**/node_modules/**"
      ],
      "rewrites": [
        {
          "source": "**",
          "destination": "/index.html"
        }
      ],
      "site": "israelcoliving"
    },
    "version": "projects/159508805874/sites/israelcoliving/versions/d04dad6554bcaa7f"
  }
]
[info] i  hosting[israelcoliving]: finalizing version... 
[debug] [2025-12-15T19:38:26.172Z] Checked if tokens are valid: true, expires at: 1765830857567
[debug] [2025-12-15T19:38:26.172Z] Checked if tokens are valid: true, expires at: 1765830857567
[debug] [2025-12-15T19:38:26.173Z] >>> [apiv2][query] PATCH https://firebasehosting.googleapis.com/v1beta1/projects/-/sites/israelcoliving/versions/d04dad6554bcaa7f updateMask=status%2Cconfig
[debug] [2025-12-15T19:38:26.173Z] >>> [apiv2][body] PATCH https://firebasehosting.googleapis.com/v1beta1/projects/-/sites/israelcoliving/versions/d04dad6554bcaa7f {"status":"FINALIZED","config":{"rewrites":[{"glob":"**","path":"/index.html"}]}}
[debug] [2025-12-15T19:38:26.397Z] <<< [apiv2][status] PATCH https://firebasehosting.googleapis.com/v1beta1/projects/-/sites/israelcoliving/versions/d04dad6554bcaa7f 200
[debug] [2025-12-15T19:38:26.398Z] <<< [apiv2][body] PATCH https://firebasehosting.googleapis.com/v1beta1/projects/-/sites/israelcoliving/versions/d04dad6554bcaa7f {"name":"projects/159508805874/sites/israelcoliving/versions/d04dad6554bcaa7f","status":"FINALIZED","config":{"rewrites":[{"glob":"**","path":"/index.html"}]},"labels":{"deployment-tool":"cli-firebase"},"createTime":"2025-12-15T19:38:25.628090Z","createUser":{"email":"leynovellst@gmail.com"},"finalizeTime":"2025-12-15T19:38:26.329931Z","finalizeUser":{"email":"leynovellst@gmail.com"}}
[debug] [2025-12-15T19:38:26.398Z] [hosting] finalized version for israelcoliving:[object Object]
[info] +  hosting[israelcoliving]: version finalized 
[info] i  hosting[israelcoliving]: releasing new version... 
[debug] [2025-12-15T19:38:26.399Z] Checked if tokens are valid: true, expires at: 1765830857567
[debug] [2025-12-15T19:38:26.399Z] Checked if tokens are valid: true, expires at: 1765830857567
[debug] [2025-12-15T19:38:26.399Z] >>> [apiv2][query] POST https://firebasehosting.googleapis.com/v1beta1/projects/-/sites/israelcoliving/channels/live/releases versionName=projects%2F159508805874%2Fsites%2Fisraelcoliving%2Fversions%2Fd04dad6554bcaa7f
[debug] [2025-12-15T19:38:26.400Z] >>> [apiv2][body] POST https://firebasehosting.googleapis.com/v1beta1/projects/-/sites/israelcoliving/channels/live/releases {}
[debug] [2025-12-15T19:38:26.672Z] <<< [apiv2][status] POST https://firebasehosting.googleapis.com/v1beta1/projects/-/sites/israelcoliving/channels/live/releases 200
[debug] [2025-12-15T19:38:26.672Z] <<< [apiv2][body] POST https://firebasehosting.googleapis.com/v1beta1/projects/-/sites/israelcoliving/channels/live/releases {"name":"projects/159508805874/sites/israelcoliving/channels/live/releases/1765827506051000","version":{"name":"projects/159508805874/sites/israelcoliving/versions/d04dad6554bcaa7f","status":"FINALIZED","config":{"rewrites":[{"glob":"**","path":"/index.html"}]},"labels":{"deployment-tool":"cli-firebase"},"createTime":"2025-12-15T19:38:25.628090Z","createUser":{"email":"leynovellst@gmail.com","imageUrl":"https://lh3.googleusercontent.com/a/ACg8ocKsiXyVXEGadl6kSwI4Pdqfd9aR3rr5xMDiC7ZdzLD_EupX5wYC7g"},"finalizeTime":"2025-12-15T19:38:26.329931Z","finalizeUser":{"email":"leynovellst@gmail.com","imageUrl":"https://lh3.googleusercontent.com/a/ACg8ocKsiXyVXEGadl6kSwI4Pdqfd9aR3rr5xMDiC7ZdzLD_EupX5wYC7g"}},"type":"DEPLOY","releaseTime":"2025-12-15T19:38:26.051Z","releaseUser":{"email":"leynovellst@gmail.com","imageUrl":"https://lh3.googleusercontent.com/a/ACg8ocKsiXyVXEGadl6kSwI4Pdqfd9aR3rr5xMDiC7ZdzLD_EupX5wYC7g"}}
[debug] [2025-12-15T19:38:26.672Z] [hosting] release: {"name":"projects/159508805874/sites/israelcoliving/channels/live/releases/1765827506051000","version":{"name":"projects/159508805874/sites/israelcoliving/versions/d04dad6554bcaa7f","status":"FINALIZED","config":{"rewrites":[{"glob":"**","path":"/index.html"}]},"labels":{"deployment-tool":"cli-firebase"},"createTime":"2025-12-15T19:38:25.628090Z","createUser":{"email":"leynovellst@gmail.com","imageUrl":"https://lh3.googleusercontent.com/a/ACg8ocKsiXyVXEGadl6kSwI4Pdqfd9aR3rr5xMDiC7ZdzLD_EupX5wYC7g"},"finalizeTime":"2025-12-15T19:38:26.329931Z","finalizeUser":{"email":"leynovellst@gmail.com","imageUrl":"https://lh3.googleusercontent.com/a/ACg8ocKsiXyVXEGadl6kSwI4Pdqfd9aR3rr5xMDiC7ZdzLD_EupX5wYC7g"}},"type":"DEPLOY","releaseTime":"2025-12-15T19:38:26.051Z","releaseUser":{"email":"leynovellst@gmail.com","imageUrl":"https://lh3.googleusercontent.com/a/ACg8ocKsiXyVXEGadl6kSwI4Pdqfd9aR3rr5xMDiC7ZdzLD_EupX5wYC7g"}}
[info] +  hosting[israelcoliving]: release complete 
[info] 
[info] +  Deploy complete! 
[info] 
[info] Project Console: https://console.firebase.google.com/project/israelcoliving/overview
[info] Hosting URL: https://israelcoliving.web.app
